<?xml version="1.0" encoding="UTF-8"?>
<testsuites name="jest tests" tests="4" failures="0" errors="0" time="2.416">
  <testsuite name="Feature Config" errors="0" failures="0" skipped="0" timestamp="2023-09-25T07:14:46" time="2.081" tests="1">
    <testcase classname="Feature Config feature config returns expected values for feature" name="Feature Config feature config returns expected values for feature" time="0.001">
    </testcase>
  </testsuite>
  <testsuite name="Env Test" errors="0" failures="0" skipped="0" timestamp="2023-09-25T07:14:48" time="0.04" tests="3">
    <testcase classname="Env Test development env has development values" name="Env Test development env has development values" time="0.001">
    </testcase>
    <testcase classname="Env Test staging env has staging values" name="Env Test staging env has staging values" time="0">
    </testcase>
    <testcase classname="Env Test production env has production values" name="Env Test production env has production values" time="0">
    </testcase>
  </testsuite>
</testsuites>