<?xml version="1.0" encoding="UTF-8"?>
<testsuites name="jest tests" tests="2" failures="0" errors="0" time="2.444">
  <testsuite name="Env vars are valid" errors="0" failures="0" skipped="0" timestamp="2023-08-08T10:07:09" time="2.173" tests="2">
    <testcase classname="Env vars are valid Shop app url" name="Env vars are valid Shop app url" time="0.002">
    </testcase>
    <testcase classname="Env vars are valid Checkout success url" name="Env vars are valid Checkout success url" time="0">
    </testcase>
  </testsuite>
</testsuites>