<?xml version="1.0" encoding="UTF-8"?>
<testsuites name="jest tests" tests="2" failures="0" errors="0" time="2.89">
  <testsuite name="Env vars are valid" errors="0" failures="0" skipped="0" timestamp="2023-09-25T07:14:49" time="2.287" tests="2">
    <testcase classname="Env vars are valid Shop app url" name="Env vars are valid Shop app url" time="0.001">
    </testcase>
    <testcase classname="Env vars are valid Checkout success url" name="Env vars are valid Checkout success url" time="0">
    </testcase>
  </testsuite>
</testsuites>